0 info it worked if it ends with ok
1 verbose cli [ '/usr/local/bin/node', '/usr/local/bin/npm', 'publish', '.' ]
2 info using npm@1.3.5
3 info using node@v0.10.15
4 verbose publish [ '.' ]
5 verbose cache add [ '.', null ]
6 verbose cache add name=undefined spec="." args=[".",null]
7 verbose parsed url { protocol: null,
7 verbose parsed url   slashes: null,
7 verbose parsed url   auth: null,
7 verbose parsed url   host: null,
7 verbose parsed url   port: null,
7 verbose parsed url   hostname: null,
7 verbose parsed url   hash: null,
7 verbose parsed url   search: null,
7 verbose parsed url   query: null,
7 verbose parsed url   pathname: '.',
7 verbose parsed url   path: '.',
7 verbose parsed url   href: '.' }
8 silly lockFile 3a52ce78- .
9 verbose lock . /home/austin/.npm/3a52ce78-.lock
10 verbose tar pack [ '/home/austin/tmp/npm-25941-Iqjiyvxc/1376505961770-0.6258175489492714/tmp.tgz',
10 verbose tar pack   '.' ]
11 verbose tarball /home/austin/tmp/npm-25941-Iqjiyvxc/1376505961770-0.6258175489492714/tmp.tgz
12 verbose folder .
13 info prepublish mongodb-stream@0.1.1
14 silly lockFile 1f1177db-tar tar://.
15 verbose lock tar://. /home/austin/.npm/1f1177db-tar.lock
16 silly lockFile db6a5bae-61770-0-6258175489492714-tmp-tgz tar:///home/austin/tmp/npm-25941-Iqjiyvxc/1376505961770-0.6258175489492714/tmp.tgz
17 verbose lock tar:///home/austin/tmp/npm-25941-Iqjiyvxc/1376505961770-0.6258175489492714/tmp.tgz /home/austin/.npm/db6a5bae-61770-0-6258175489492714-tmp-tgz.lock
18 silly lockFile 1f1177db-tar tar://.
19 silly lockFile 1f1177db-tar tar://.
20 silly lockFile db6a5bae-61770-0-6258175489492714-tmp-tgz tar:///home/austin/tmp/npm-25941-Iqjiyvxc/1376505961770-0.6258175489492714/tmp.tgz
21 silly lockFile db6a5bae-61770-0-6258175489492714-tmp-tgz tar:///home/austin/tmp/npm-25941-Iqjiyvxc/1376505961770-0.6258175489492714/tmp.tgz
22 verbose tar unpack /home/austin/tmp/npm-25941-Iqjiyvxc/1376505961770-0.6258175489492714/tmp.tgz
23 silly lockFile 2925bc15-61770-0-6258175489492714-package tar:///home/austin/tmp/npm-25941-Iqjiyvxc/1376505961770-0.6258175489492714/package
24 verbose lock tar:///home/austin/tmp/npm-25941-Iqjiyvxc/1376505961770-0.6258175489492714/package /home/austin/.npm/2925bc15-61770-0-6258175489492714-package.lock
25 silly lockFile db6a5bae-61770-0-6258175489492714-tmp-tgz tar:///home/austin/tmp/npm-25941-Iqjiyvxc/1376505961770-0.6258175489492714/tmp.tgz
26 verbose lock tar:///home/austin/tmp/npm-25941-Iqjiyvxc/1376505961770-0.6258175489492714/tmp.tgz /home/austin/.npm/db6a5bae-61770-0-6258175489492714-tmp-tgz.lock
27 silly gunzTarPerm modes [ '755', '644' ]
28 silly gunzTarPerm extractEntry package.json
29 silly gunzTarPerm extractEntry .npmignore
30 silly gunzTarPerm extractEntry README.md
31 silly gunzTarPerm extractEntry index.js
32 silly lockFile 2925bc15-61770-0-6258175489492714-package tar:///home/austin/tmp/npm-25941-Iqjiyvxc/1376505961770-0.6258175489492714/package
33 silly lockFile 2925bc15-61770-0-6258175489492714-package tar:///home/austin/tmp/npm-25941-Iqjiyvxc/1376505961770-0.6258175489492714/package
34 silly lockFile db6a5bae-61770-0-6258175489492714-tmp-tgz tar:///home/austin/tmp/npm-25941-Iqjiyvxc/1376505961770-0.6258175489492714/tmp.tgz
35 silly lockFile db6a5bae-61770-0-6258175489492714-tmp-tgz tar:///home/austin/tmp/npm-25941-Iqjiyvxc/1376505961770-0.6258175489492714/tmp.tgz
36 verbose tar pack [ '/home/austin/.npm/mongodb-stream/0.1.1/package.tgz',
36 verbose tar pack   '/home/austin/tmp/npm-25941-Iqjiyvxc/1376505961770-0.6258175489492714/package' ]
37 verbose tarball /home/austin/.npm/mongodb-stream/0.1.1/package.tgz
38 verbose folder /home/austin/tmp/npm-25941-Iqjiyvxc/1376505961770-0.6258175489492714/package
39 silly lockFile 2925bc15-61770-0-6258175489492714-package tar:///home/austin/tmp/npm-25941-Iqjiyvxc/1376505961770-0.6258175489492714/package
40 verbose lock tar:///home/austin/tmp/npm-25941-Iqjiyvxc/1376505961770-0.6258175489492714/package /home/austin/.npm/2925bc15-61770-0-6258175489492714-package.lock
41 silly lockFile 86851a70-mongodb-stream-0-1-1-package-tgz tar:///home/austin/.npm/mongodb-stream/0.1.1/package.tgz
42 verbose lock tar:///home/austin/.npm/mongodb-stream/0.1.1/package.tgz /home/austin/.npm/86851a70-mongodb-stream-0-1-1-package-tgz.lock
43 silly lockFile 2925bc15-61770-0-6258175489492714-package tar:///home/austin/tmp/npm-25941-Iqjiyvxc/1376505961770-0.6258175489492714/package
44 silly lockFile 2925bc15-61770-0-6258175489492714-package tar:///home/austin/tmp/npm-25941-Iqjiyvxc/1376505961770-0.6258175489492714/package
45 silly lockFile 86851a70-mongodb-stream-0-1-1-package-tgz tar:///home/austin/.npm/mongodb-stream/0.1.1/package.tgz
46 silly lockFile 86851a70-mongodb-stream-0-1-1-package-tgz tar:///home/austin/.npm/mongodb-stream/0.1.1/package.tgz
47 silly lockFile 126ea6d9-npm-mongodb-stream-0-1-1-package /home/austin/.npm/mongodb-stream/0.1.1/package
48 verbose lock /home/austin/.npm/mongodb-stream/0.1.1/package /home/austin/.npm/126ea6d9-npm-mongodb-stream-0-1-1-package.lock
49 silly lockFile 126ea6d9-npm-mongodb-stream-0-1-1-package /home/austin/.npm/mongodb-stream/0.1.1/package
50 silly lockFile 126ea6d9-npm-mongodb-stream-0-1-1-package /home/austin/.npm/mongodb-stream/0.1.1/package
51 verbose tar unpack /home/austin/.npm/mongodb-stream/0.1.1/package.tgz
52 silly lockFile 0f0985f6-npm-mongodb-stream-0-1-1-package tar:///home/austin/.npm/mongodb-stream/0.1.1/package
53 verbose lock tar:///home/austin/.npm/mongodb-stream/0.1.1/package /home/austin/.npm/0f0985f6-npm-mongodb-stream-0-1-1-package.lock
54 silly lockFile 86851a70-mongodb-stream-0-1-1-package-tgz tar:///home/austin/.npm/mongodb-stream/0.1.1/package.tgz
55 verbose lock tar:///home/austin/.npm/mongodb-stream/0.1.1/package.tgz /home/austin/.npm/86851a70-mongodb-stream-0-1-1-package-tgz.lock
56 silly gunzTarPerm modes [ '755', '644' ]
57 silly gunzTarPerm extractEntry package.json
58 silly gunzTarPerm extractEntry .npmignore
59 silly gunzTarPerm extractEntry README.md
60 silly gunzTarPerm extractEntry index.js
61 silly lockFile 0f0985f6-npm-mongodb-stream-0-1-1-package tar:///home/austin/.npm/mongodb-stream/0.1.1/package
62 silly lockFile 0f0985f6-npm-mongodb-stream-0-1-1-package tar:///home/austin/.npm/mongodb-stream/0.1.1/package
63 silly lockFile 86851a70-mongodb-stream-0-1-1-package-tgz tar:///home/austin/.npm/mongodb-stream/0.1.1/package.tgz
64 silly lockFile 86851a70-mongodb-stream-0-1-1-package-tgz tar:///home/austin/.npm/mongodb-stream/0.1.1/package.tgz
65 verbose chmod /home/austin/.npm/mongodb-stream/0.1.1/package.tgz 644
66 verbose chown /home/austin/.npm/mongodb-stream/0.1.1/package.tgz [ 1000, 1000 ]
67 silly lockFile 3a52ce78- .
68 silly lockFile 3a52ce78- .
69 silly publish { name: 'mongodb-stream',
69 silly publish   version: '0.1.1',
69 silly publish   author: { name: 'Austin Pocus', email: 'ajpocus@gmail.com' },
69 silly publish   dependencies:
69 silly publish    { underscore: 'latest',
69 silly publish      async: 'latest',
69 silly publish      request: '2.x',
69 silly publish      mongodb: 'latest' },
69 silly publish   main: 'index.js',
69 silly publish   engines: { node: '>=0.10' },
69 silly publish   repository:
69 silly publish    { type: 'git',
69 silly publish      url: 'https://github.com/ajpocus/mongodb-stream.git' },
69 silly publish   readme: '# mongodb-stream\nA writable stream that feeds data into mongodb, for use with node >= 0.10.\n\n## Usage\nInstall mongodb-stream from npm:\n\n    npm install mongodb-stream\n    \nAnywhere you\'d like to stream data into mongodb, you can do it like this:\n\n    var MongoStream = request(\'mongodb-stream\');\n    var stream = new MongoSream({\n      databaseUri: "mongodb://local/host/test",\n      collection: "tweets"\n    });\n    stream.init(function (err, stream) {\n      request(...).pipe(stream);    // the stream writes every instance to mongoDB\n    });\n',
69 silly publish   readmeFilename: 'README.md',
69 silly publish   description: 'A writable stream that feeds data into mongodb, for use with node >= 0.10.',
69 silly publish   bugs: { url: 'https://github.com/ajpocus/mongodb-stream/issues' },
69 silly publish   _id: 'mongodb-stream@0.1.1',
69 silly publish   dist: { shasum: 'e2d62e850d02013de45a410c89e370cbfbb81daf' },
69 silly publish   _from: '.' }
70 verbose url raw mongodb-stream
71 verbose url resolving [ 'https://registry.npmjs.org/', './mongodb-stream' ]
72 verbose url resolved https://registry.npmjs.org/mongodb-stream
73 info trying registry request attempt 1 at 11:46:01
74 http PUT https://registry.npmjs.org/mongodb-stream
75 http 409 https://registry.npmjs.org/mongodb-stream
76 verbose url raw mongodb-stream
77 verbose url resolving [ 'https://registry.npmjs.org/', './mongodb-stream' ]
78 verbose url resolved https://registry.npmjs.org/mongodb-stream
79 info trying registry request attempt 1 at 11:46:02
80 http GET https://registry.npmjs.org/mongodb-stream
81 http 200 https://registry.npmjs.org/mongodb-stream
82 error publish fail Cannot publish over existing version.
82 error publish fail Update the 'version' field in package.json and try again.
82 error publish fail
82 error publish fail If the previous version was published in error, see:
82 error publish fail     npm help unpublish
82 error publish fail
82 error publish fail To automatically increment version numbers, see:
82 error publish fail     npm help version
83 error System Linux 3.8.0-19-generic
84 error command "/usr/local/bin/node" "/usr/local/bin/npm" "publish" "."
85 error cwd /home/austin/projects/mongodb-stream
86 error node -v v0.10.15
87 error npm -v 1.3.5
88 error code EPUBLISHCONFLICT
89 verbose exit [ 1, true ]
